  building MPIR for gc (win32) from directory mpn\generic
  creating mpir.h for win32
  ファイル ..\gmp-h.in が見つかりません。
  creating config.h from vs19\cdata\mpn\generic\
  ..\mpn\generic\\gmp-mparam.h not found
  assert.c
C:\Users\tomato\proj\ICFPC2021\icfpc2021-temp\libs\mpir-windows\gmp-impl.h(124,10): fatal error C1083: include ファイルを開けません。'gmp-mparam.h':No such file or directory
  errno.c
C:\Users\tomato\proj\ICFPC2021\icfpc2021-temp\libs\mpir-windows\gmp-impl.h(124,10): fatal error C1083: include ファイルを開けません。'gmp-mparam.h':No such file or directory
  extract-dbl.c
C:\Users\tomato\proj\ICFPC2021\icfpc2021-temp\libs\mpir-windows\gmp-impl.h(124,10): fatal error C1083: include ファイルを開けません。'gmp-mparam.h':No such file or directory
  invalid.c
C:\Users\tomato\proj\ICFPC2021\icfpc2021-temp\libs\mpir-windows\gmp-impl.h(124,10): fatal error C1083: include ファイルを開けません。'gmp-mparam.h':No such file or directory
  memory.c
C:\Users\tomato\proj\ICFPC2021\icfpc2021-temp\libs\mpir-windows\gmp-impl.h(124,10): fatal error C1083: include ファイルを開けません。'gmp-mparam.h':No such file or directory
  mp_bpl.c
C:\Users\tomato\proj\ICFPC2021\icfpc2021-temp\libs\mpir-windows\gmp-impl.h(124,10): fatal error C1083: include ファイルを開けません。'gmp-mparam.h':No such file or directory
  mp_clz_tab.c
C:\Users\tomato\proj\ICFPC2021\icfpc2021-temp\libs\mpir-windows\gmp-impl.h(124,10): fatal error C1083: include ファイルを開けません。'gmp-mparam.h':No such file or directory
  mp_dv_tab.c
C:\Users\tomato\proj\ICFPC2021\icfpc2021-temp\libs\mpir-windows\gmp-impl.h(124,10): fatal error C1083: include ファイルを開けません。'gmp-mparam.h':No such file or directory
  mp_get_fns.c
C:\Users\tomato\proj\ICFPC2021\icfpc2021-temp\libs\mpir-windows\gmp-impl.h(124,10): fatal error C1083: include ファイルを開けません。'gmp-mparam.h':No such file or directory
  mp_minv_tab.c
C:\Users\tomato\proj\ICFPC2021\icfpc2021-temp\libs\mpir-windows\gmp-impl.h(124,10): fatal error C1083: include ファイルを開けません。'gmp-mparam.h':No such file or directory
  mp_set_fns.c
C:\Users\tomato\proj\ICFPC2021\icfpc2021-temp\libs\mpir-windows\gmp-impl.h(124,10): fatal error C1083: include ファイルを開けません。'gmp-mparam.h':No such file or directory
  nextprime.c
C:\Users\tomato\proj\ICFPC2021\icfpc2021-temp\libs\mpir-windows\gmp-impl.h(124,10): fatal error C1083: include ファイルを開けません。'gmp-mparam.h':No such file or directory
  primesieve.c
C:\Users\tomato\proj\ICFPC2021\icfpc2021-temp\libs\mpir-windows\gmp-impl.h(124,10): fatal error C1083: include ファイルを開けません。'gmp-mparam.h':No such file or directory
  randbui.c
C:\Users\tomato\proj\ICFPC2021\icfpc2021-temp\libs\mpir-windows\gmp-impl.h(124,10): fatal error C1083: include ファイルを開けません。'gmp-mparam.h':No such file or directory
  randclr.c
C:\Users\tomato\proj\ICFPC2021\icfpc2021-temp\libs\mpir-windows\gmp-impl.h(124,10): fatal error C1083: include ファイルを開けません。'gmp-mparam.h':No such file or directory
  randdef.c
C:\Users\tomato\proj\ICFPC2021\icfpc2021-temp\libs\mpir-windows\gmp-impl.h(124,10): fatal error C1083: include ファイルを開けません。'gmp-mparam.h':No such file or directory
  randiset.c
C:\Users\tomato\proj\ICFPC2021\icfpc2021-temp\libs\mpir-windows\gmp-impl.h(124,10): fatal error C1083: include ファイルを開けません。'gmp-mparam.h':No such file or directory
  randlc2s.c
C:\Users\tomato\proj\ICFPC2021\icfpc2021-temp\libs\mpir-windows\gmp-impl.h(124,10): fatal error C1083: include ファイルを開けません。'gmp-mparam.h':No such file or directory
  randlc2x.c
C:\Users\tomato\proj\ICFPC2021\icfpc2021-temp\libs\mpir-windows\gmp-impl.h(124,10): fatal error C1083: include ファイルを開けません。'gmp-mparam.h':No such file or directory
  randmt.c
C:\Users\tomato\proj\ICFPC2021\icfpc2021-temp\libs\mpir-windows\gmp-impl.h(124,10): fatal error C1083: include ファイルを開けません。'gmp-mparam.h':No such file or directory
  コードを生成中...
  コンパイル中...
  randmts.c
C:\Users\tomato\proj\ICFPC2021\icfpc2021-temp\libs\mpir-windows\gmp-impl.h(124,10): fatal error C1083: include ファイルを開けません。'gmp-mparam.h':No such file or directory
  randmui.c
C:\Users\tomato\proj\ICFPC2021\icfpc2021-temp\libs\mpir-windows\gmp-impl.h(124,10): fatal error C1083: include ファイルを開けません。'gmp-mparam.h':No such file or directory
  rands.c
C:\Users\tomato\proj\ICFPC2021\icfpc2021-temp\libs\mpir-windows\gmp-impl.h(124,10): fatal error C1083: include ファイルを開けません。'gmp-mparam.h':No such file or directory
  randsd.c
C:\Users\tomato\proj\ICFPC2021\icfpc2021-temp\libs\mpir-windows\gmp-impl.h(124,10): fatal error C1083: include ファイルを開けません。'gmp-mparam.h':No such file or directory
  randsdui.c
C:\Users\tomato\proj\ICFPC2021\icfpc2021-temp\libs\mpir-windows\gmp-impl.h(124,10): fatal error C1083: include ファイルを開けません。'gmp-mparam.h':No such file or directory
  tal-reent.c
C:\Users\tomato\proj\ICFPC2021\icfpc2021-temp\libs\mpir-windows\gmp-impl.h(124,10): fatal error C1083: include ファイルを開けません。'gmp-mparam.h':No such file or directory
  version.c
C:\Users\tomato\proj\ICFPC2021\icfpc2021-temp\libs\mpir-windows\gmp-impl.h(124,10): fatal error C1083: include ファイルを開けません。'gmp-mparam.h':No such file or directory
  コードを生成中...
